<?xml version="1.0" encoding="UTF-8"?>
<!-- Generated by org.testng.reporters.JUnitXMLReporter -->
<testsuite hostname="DESKTOP-FNF69NB" ignored="0" name="Flight Search Test" tests="1" failures="1" timestamp="21 Dec 2017 07:27:27 GMT" time="30.337" errors="0">
  <testcase name="flightSearchTest" time="10.17" classname="com.w2a.testcases.FlightSearchTest">
    <failure type="java.lang.AssertionError" message="expected [7] but found [6]">
      <![CDATA[java.lang.AssertionError: expected [7] but found [6]
	at com.w2a.errorcollectors.ErrorCollector.assertEquals(ErrorCollector.java:38)
	at com.w2a.errorcollectors.ErrorCollector.verifyEquals(ErrorCollector.java:102)
	at com.w2a.testcases.FlightSearchTest.flightSearchTest(FlightSearchTest.java:29)
... Removed 30 stack frames]]>
    </failure>
  </testcase> <!-- flightSearchTest -->
</testsuite> <!-- Flight Search Test -->
